<?xml version="1.0" encoding="UTF-8"?>
<!-- Generated by org.testng.reporters.JUnitReportReporter -->
<testsuite hostname="LAPTOP-A30IHUG1" name="RealPackage.RealProject.Testcase1" tests="1" failures="0" timestamp="6 Mar 2019 18:09:05 GMT" time="15.427" errors="0">
  <testcase name="launchtc1" time="15.427" classname="RealPackage.RealProject.Testcase1"/>
</testsuite> <!-- RealPackage.RealProject.Testcase1 -->
