<?xml version="1.0" encoding="UTF-8"?>
<!-- Generated by org.testng.reporters.JUnitReportReporter -->
<testsuite hostname="LAPTOP-A30IHUG1" name="RealPackage.RealProject.Testcase2" tests="1" failures="0" timestamp="6 Mar 2019 18:09:05 GMT" time="10.997" errors="0">
  <testcase name="launchtc2" time="10.997" classname="RealPackage.RealProject.Testcase2"/>
</testsuite> <!-- RealPackage.RealProject.Testcase2 -->
